{"/Users/anarkafkas/Projects/Firecode/firecode/packages/admin/__tests__/app.ts": {"path":"/Users/anarkafkas/Projects/Firecode/firecode/packages/admin/__tests__/app.ts","statementMap":{"0":{"start":{"line":6,"column":4},"end":{"line":6,"column":33}},"1":{"start":{"line":10,"column":4},"end":{"line":10,"column":54}},"2":{"start":{"line":14,"column":4},"end":{"line":14,"column":42}},"3":{"start":{"line":18,"column":4},"end":{"line":18,"column":17}},"4":{"start":{"line":22,"column":4},"end":{"line":26,"column":5}},"5":{"start":{"line":23,"column":6},"end":{"line":25,"column":9}},"6":{"start":{"line":33,"column":2},"end":{"line":33,"column":44}}},"fnMap":{"0":{"name":"(anonymous_0)","decl":{"start":{"line":5,"column":2},"end":{"line":5,"column":3}},"loc":{"start":{"line":5,"column":23},"end":{"line":7,"column":3}},"line":5},"1":{"name":"(anonymous_1)","decl":{"start":{"line":9,"column":2},"end":{"line":9,"column":3}},"loc":{"start":{"line":9,"column":47},"end":{"line":11,"column":3}},"line":9},"2":{"name":"(anonymous_2)","decl":{"start":{"line":13,"column":2},"end":{"line":13,"column":3}},"loc":{"start":{"line":13,"column":39},"end":{"line":15,"column":3}},"line":13},"3":{"name":"(anonymous_3)","decl":{"start":{"line":17,"column":2},"end":{"line":17,"column":3}},"loc":{"start":{"line":17,"column":35},"end":{"line":19,"column":3}},"line":17},"4":{"name":"(anonymous_4)","decl":{"start":{"line":21,"column":2},"end":{"line":21,"column":3}},"loc":{"start":{"line":21,"column":40},"end":{"line":27,"column":3}},"line":21},"5":{"name":"app","decl":{"start":{"line":32,"column":16},"end":{"line":32,"column":19}},"loc":{"start":{"line":32,"column":35},"end":{"line":34,"column":1}},"line":32}},"branchMap":{"0":{"loc":{"start":{"line":22,"column":4},"end":{"line":26,"column":5}},"type":"if","locations":[{"start":{"line":22,"column":4},"end":{"line":26,"column":5}},{"start":{"line":22,"column":4},"end":{"line":26,"column":5}}],"line":22},"1":{"loc":{"start":{"line":33,"column":9},"end":{"line":33,"column":43}},"type":"binary-expr","locations":[{"start":{"line":33,"column":9},"end":{"line":33,"column":13}},{"start":{"line":33,"column":18},"end":{"line":33,"column":42}}],"line":33}},"s":{"0":1,"1":1,"2":0,"3":1,"4":1,"5":1,"6":1},"f":{"0":1,"1":1,"2":0,"3":1,"4":1,"5":1},"b":{"0":[1,0],"1":[1,1]},"_coverageSchema":"1a1c01bbd47fc00a2c39e90264f33305004495a9","hash":"42b1c191d8cbc014804acc5e32a398b37ce7c733"}
,"/Users/anarkafkas/Projects/Firecode/firecode/packages/admin/src/index.ts": {"path":"/Users/anarkafkas/Projects/Firecode/firecode/packages/admin/src/index.ts","statementMap":{},"fnMap":{},"branchMap":{},"s":{},"f":{},"b":{},"_coverageSchema":"1a1c01bbd47fc00a2c39e90264f33305004495a9","hash":"766ee107ab857c3b15adda1bb2b9a282ea397435"}
,"/Users/anarkafkas/Projects/Firecode/firecode/packages/admin/src/api/createBatchMigrator.ts": {"path":"/Users/anarkafkas/Projects/Firecode/firecode/packages/admin/src/api/createBatchMigrator.ts","statementMap":{"0":{"start":{"line":49,"column":20},"end":{"line":51,"column":62}},"1":{"start":{"line":52,"column":2},"end":{"line":52,"column":57}}},"fnMap":{"0":{"name":"createBatchMigrator","decl":{"start":{"line":45,"column":16},"end":{"line":45,"column":35}},"loc":{"start":{"line":48,"column":59},"end":{"line":53,"column":1}},"line":48}},"branchMap":{"0":{"loc":{"start":{"line":49,"column":20},"end":{"line":51,"column":62}},"type":"cond-expr","locations":[{"start":{"line":50,"column":6},"end":{"line":50,"column":28}},{"start":{"line":51,"column":6},"end":{"line":51,"column":62}}],"line":49}},"s":{"0":0,"1":0},"f":{"0":0},"b":{"0":[0,0]},"_coverageSchema":"1a1c01bbd47fc00a2c39e90264f33305004495a9","hash":"13f793bcc381f351e910972cb1d4c66341e47d31"}
,"/Users/anarkafkas/Projects/Firecode/firecode/packages/admin/src/api/createFastTraverser.ts": {"path":"/Users/anarkafkas/Projects/Firecode/firecode/packages/admin/src/api/createFastTraverser.ts","statementMap":{"0":{"start":{"line":20,"column":2},"end":{"line":20,"column":79}}},"fnMap":{"0":{"name":"createFastTraverser","decl":{"start":{"line":16,"column":16},"end":{"line":16,"column":35}},"loc":{"start":{"line":19,"column":20},"end":{"line":21,"column":1}},"line":19}},"branchMap":{},"s":{"0":0},"f":{"0":0},"b":{},"_coverageSchema":"1a1c01bbd47fc00a2c39e90264f33305004495a9","hash":"34e7e6ec482971ee4bb48e834c9e9852ade2cf49"}
,"/Users/anarkafkas/Projects/Firecode/firecode/packages/admin/src/api/createMigrator.ts": {"path":"/Users/anarkafkas/Projects/Firecode/firecode/packages/admin/src/api/createMigrator.ts","statementMap":{"0":{"start":{"line":37,"column":20},"end":{"line":39,"column":62}},"1":{"start":{"line":40,"column":2},"end":{"line":40,"column":59}}},"fnMap":{"0":{"name":"createMigrator","decl":{"start":{"line":33,"column":16},"end":{"line":33,"column":30}},"loc":{"start":{"line":36,"column":63},"end":{"line":41,"column":1}},"line":36}},"branchMap":{"0":{"loc":{"start":{"line":37,"column":20},"end":{"line":39,"column":62}},"type":"cond-expr","locations":[{"start":{"line":38,"column":6},"end":{"line":38,"column":28}},{"start":{"line":39,"column":6},"end":{"line":39,"column":62}}],"line":37}},"s":{"0":0,"1":0},"f":{"0":0},"b":{"0":[0,0]},"_coverageSchema":"1a1c01bbd47fc00a2c39e90264f33305004495a9","hash":"451ae7ef797f1b6376d45adb12d1055f0290aaa4"}
,"/Users/anarkafkas/Projects/Firecode/firecode/packages/admin/src/api/createTraverser.ts": {"path":"/Users/anarkafkas/Projects/Firecode/firecode/packages/admin/src/api/createTraverser.ts","statementMap":{"0":{"start":{"line":18,"column":2},"end":{"line":18,"column":67}}},"fnMap":{"0":{"name":"createTraverser","decl":{"start":{"line":14,"column":16},"end":{"line":14,"column":31}},"loc":{"start":{"line":17,"column":20},"end":{"line":19,"column":1}},"line":17}},"branchMap":{},"s":{"0":1},"f":{"0":1},"b":{},"_coverageSchema":"1a1c01bbd47fc00a2c39e90264f33305004495a9","hash":"2a15027f67b3a5eb2e5c95e5399273843073a08b"}
,"/Users/anarkafkas/Projects/Firecode/firecode/packages/admin/src/api/index.ts": {"path":"/Users/anarkafkas/Projects/Firecode/firecode/packages/admin/src/api/index.ts","statementMap":{},"fnMap":{},"branchMap":{},"s":{},"f":{},"b":{},"_coverageSchema":"1a1c01bbd47fc00a2c39e90264f33305004495a9","hash":"16fb31f98bf92dc3acb58947e92469f6ee206141"}
,"/Users/anarkafkas/Projects/Firecode/firecode/packages/admin/src/api/interfaces/index.ts": {"path":"/Users/anarkafkas/Projects/Firecode/firecode/packages/admin/src/api/interfaces/index.ts","statementMap":{},"fnMap":{},"branchMap":{},"s":{},"f":{},"b":{},"_coverageSchema":"1a1c01bbd47fc00a2c39e90264f33305004495a9","hash":"e10f4862e10d0c77bdc163ac5ecaf9a716c3326b"}
,"/Users/anarkafkas/Projects/Firecode/firecode/packages/admin/src/implementations/BasicBatchMigratorImplementation.ts": {"path":"/Users/anarkafkas/Projects/Firecode/firecode/packages/admin/src/implementations/BasicBatchMigratorImplementation.ts","statementMap":{"0":{"start":{"line":21,"column":54},"end":{"line":21,"column":57}},"1":{"start":{"line":25,"column":62},"end":{"line":25,"column":66}},"2":{"start":{"line":27,"column":4},"end":{"line":27,"column":12}},"3":{"start":{"line":28,"column":4},"end":{"line":28,"column":51}},"4":{"start":{"line":32,"column":26},"end":{"line":32,"column":32}},"5":{"start":{"line":34,"column":4},"end":{"line":42,"column":5}},"6":{"start":{"line":39,"column":6},"end":{"line":41,"column":8}},"7":{"start":{"line":46,"column":4},"end":{"line":46,"column":75}},"8":{"start":{"line":52,"column":4},"end":{"line":52,"column":84}},"9":{"start":{"line":66,"column":27},"end":{"line":66,"column":28}},"10":{"start":{"line":68,"column":56},"end":{"line":114,"column":5}},"11":{"start":{"line":70,"column":8},"end":{"line":70,"column":77}},"12":{"start":{"line":72,"column":27},"end":{"line":72,"column":71}},"13":{"start":{"line":73,"column":33},"end":{"line":73,"column":34}},"14":{"start":{"line":75,"column":8},"end":{"line":107,"column":11}},"15":{"start":{"line":76,"column":32},"end":{"line":76,"column":65}},"16":{"start":{"line":78,"column":10},"end":{"line":80,"column":11}},"17":{"start":{"line":79,"column":12},"end":{"line":79,"column":19}},"18":{"start":{"line":82,"column":10},"end":{"line":82,"column":31}},"19":{"start":{"line":84,"column":10},"end":{"line":106,"column":11}},"20":{"start":{"line":85,"column":12},"end":{"line":93,"column":13}},"21":{"start":{"line":87,"column":27},"end":{"line":87,"column":54}},"22":{"start":{"line":88,"column":14},"end":{"line":88,"column":58}},"23":{"start":{"line":91,"column":27},"end":{"line":91,"column":45}},"24":{"start":{"line":92,"column":14},"end":{"line":92,"column":49}},"25":{"start":{"line":95,"column":12},"end":{"line":105,"column":13}},"26":{"start":{"line":97,"column":30},"end":{"line":97,"column":72}},"27":{"start":{"line":98,"column":27},"end":{"line":98,"column":44}},"28":{"start":{"line":99,"column":14},"end":{"line":99,"column":58}},"29":{"start":{"line":102,"column":30},"end":{"line":102,"column":63}},"30":{"start":{"line":103,"column":27},"end":{"line":103,"column":44}},"31":{"start":{"line":104,"column":14},"end":{"line":104,"column":49}},"32":{"start":{"line":109,"column":8},"end":{"line":109,"column":34}},"33":{"start":{"line":110,"column":8},"end":{"line":110,"column":47}},"34":{"start":{"line":112,"column":8},"end":{"line":112,"column":79}},"35":{"start":{"line":116,"column":4},"end":{"line":116,"column":63}},"36":{"start":{"line":129,"column":21},"end":{"line":129,"column":71}},"37":{"start":{"line":129,"column":48},"end":{"line":129,"column":63}},"38":{"start":{"line":130,"column":27},"end":{"line":130,"column":28}},"39":{"start":{"line":132,"column":56},"end":{"line":173,"column":5}},"40":{"start":{"line":134,"column":8},"end":{"line":134,"column":77}},"41":{"start":{"line":136,"column":27},"end":{"line":136,"column":71}},"42":{"start":{"line":137,"column":33},"end":{"line":137,"column":34}},"43":{"start":{"line":139,"column":8},"end":{"line":166,"column":11}},"44":{"start":{"line":140,"column":10},"end":{"line":165,"column":11}},"45":{"start":{"line":142,"column":34},"end":{"line":142,"column":61}},"46":{"start":{"line":143,"column":34},"end":{"line":143,"column":67}},"47":{"start":{"line":144,"column":12},"end":{"line":147,"column":13}},"48":{"start":{"line":145,"column":14},"end":{"line":145,"column":71}},"49":{"start":{"line":146,"column":14},"end":{"line":146,"column":35}},"50":{"start":{"line":148,"column":17},"end":{"line":165,"column":11}},"51":{"start":{"line":150,"column":31},"end":{"line":150,"column":59}},"52":{"start":{"line":151,"column":34},"end":{"line":151,"column":67}},"53":{"start":{"line":152,"column":12},"end":{"line":155,"column":13}},"54":{"start":{"line":153,"column":14},"end":{"line":153,"column":58}},"55":{"start":{"line":154,"column":14},"end":{"line":154,"column":35}},"56":{"start":{"line":158,"column":26},"end":{"line":158,"column":62}},"57":{"start":{"line":159,"column":26},"end":{"line":159,"column":37}},"58":{"start":{"line":160,"column":34},"end":{"line":160,"column":67}},"59":{"start":{"line":161,"column":12},"end":{"line":164,"column":13}},"60":{"start":{"line":162,"column":14},"end":{"line":162,"column":60}},"61":{"start":{"line":163,"column":14},"end":{"line":163,"column":35}},"62":{"start":{"line":168,"column":8},"end":{"line":168,"column":34}},"63":{"start":{"line":169,"column":8},"end":{"line":169,"column":47}},"64":{"start":{"line":171,"column":8},"end":{"line":171,"column":79}},"65":{"start":{"line":175,"column":4},"end":{"line":175,"column":63}}},"fnMap":{"0":{"name":"(anonymous_0)","decl":{"start":{"line":23,"column":2},"end":{"line":23,"column":3}},"loc":{"start":{"line":26,"column":4},"end":{"line":29,"column":3}},"line":26},"1":{"name":"(anonymous_1)","decl":{"start":{"line":25,"column":56},"end":{"line":25,"column":57}},"loc":{"start":{"line":25,"column":62},"end":{"line":25,"column":66}},"line":25},"2":{"name":"(anonymous_2)","decl":{"start":{"line":31,"column":2},"end":{"line":31,"column":3}},"loc":{"start":{"line":31,"column":70},"end":{"line":43,"column":3}},"line":31},"3":{"name":"(anonymous_3)","decl":{"start":{"line":45,"column":2},"end":{"line":45,"column":3}},"loc":{"start":{"line":45,"column":78},"end":{"line":47,"column":3}},"line":45},"4":{"name":"(anonymous_4)","decl":{"start":{"line":49,"column":2},"end":{"line":49,"column":3}},"loc":{"start":{"line":51,"column":26},"end":{"line":53,"column":3}},"line":51},"5":{"name":"(anonymous_5)","decl":{"start":{"line":62,"column":2},"end":{"line":62,"column":3}},"loc":{"start":{"line":65,"column":30},"end":{"line":117,"column":3}},"line":65},"6":{"name":"(anonymous_6)","decl":{"start":{"line":69,"column":6},"end":{"line":69,"column":7}},"loc":{"start":{"line":69,"column":39},"end":{"line":113,"column":7}},"line":69},"7":{"name":"(anonymous_7)","decl":{"start":{"line":75,"column":26},"end":{"line":75,"column":27}},"loc":{"start":{"line":75,"column":40},"end":{"line":107,"column":9}},"line":75},"8":{"name":"(anonymous_8)","decl":{"start":{"line":125,"column":2},"end":{"line":125,"column":3}},"loc":{"start":{"line":128,"column":30},"end":{"line":176,"column":3}},"line":128},"9":{"name":"(anonymous_9)","decl":{"start":{"line":129,"column":41},"end":{"line":129,"column":42}},"loc":{"start":{"line":129,"column":48},"end":{"line":129,"column":63}},"line":129},"10":{"name":"(anonymous_10)","decl":{"start":{"line":133,"column":6},"end":{"line":133,"column":7}},"loc":{"start":{"line":133,"column":39},"end":{"line":172,"column":7}},"line":133},"11":{"name":"(anonymous_11)","decl":{"start":{"line":139,"column":26},"end":{"line":139,"column":27}},"loc":{"start":{"line":139,"column":40},"end":{"line":166,"column":9}},"line":139}},"branchMap":{"0":{"loc":{"start":{"line":25,"column":12},"end":{"line":25,"column":66}},"type":"default-arg","locations":[{"start":{"line":25,"column":56},"end":{"line":25,"column":66}}],"line":25},"1":{"loc":{"start":{"line":31,"column":25},"end":{"line":31,"column":62}},"type":"default-arg","locations":[{"start":{"line":31,"column":60},"end":{"line":31,"column":62}}],"line":31},"2":{"loc":{"start":{"line":34,"column":4},"end":{"line":42,"column":5}},"type":"if","locations":[{"start":{"line":34,"column":4},"end":{"line":42,"column":5}},{"start":{"line":34,"column":4},"end":{"line":42,"column":5}}],"line":34},"3":{"loc":{"start":{"line":35,"column":6},"end":{"line":37,"column":79}},"type":"binary-expr","locations":[{"start":{"line":35,"column":6},"end":{"line":35,"column":35}},{"start":{"line":36,"column":7},"end":{"line":36,"column":36}},{"start":{"line":37,"column":8},"end":{"line":37,"column":78}}],"line":35},"4":{"loc":{"start":{"line":78,"column":10},"end":{"line":80,"column":11}},"type":"if","locations":[{"start":{"line":78,"column":10},"end":{"line":80,"column":11}},{"start":{"line":78,"column":10},"end":{"line":80,"column":11}}],"line":78},"5":{"loc":{"start":{"line":84,"column":10},"end":{"line":106,"column":11}},"type":"if","locations":[{"start":{"line":84,"column":10},"end":{"line":106,"column":11}},{"start":{"line":84,"column":10},"end":{"line":106,"column":11}}],"line":84},"6":{"loc":{"start":{"line":85,"column":12},"end":{"line":93,"column":13}},"type":"if","locations":[{"start":{"line":85,"column":12},"end":{"line":93,"column":13}},{"start":{"line":85,"column":12},"end":{"line":93,"column":13}}],"line":85},"7":{"loc":{"start":{"line":95,"column":12},"end":{"line":105,"column":13}},"type":"if","locations":[{"start":{"line":95,"column":12},"end":{"line":105,"column":13}},{"start":{"line":95,"column":12},"end":{"line":105,"column":13}}],"line":95},"8":{"loc":{"start":{"line":140,"column":10},"end":{"line":165,"column":11}},"type":"if","locations":[{"start":{"line":140,"column":10},"end":{"line":165,"column":11}},{"start":{"line":140,"column":10},"end":{"line":165,"column":11}}],"line":140},"9":{"loc":{"start":{"line":144,"column":12},"end":{"line":147,"column":13}},"type":"if","locations":[{"start":{"line":144,"column":12},"end":{"line":147,"column":13}},{"start":{"line":144,"column":12},"end":{"line":147,"column":13}}],"line":144},"10":{"loc":{"start":{"line":148,"column":17},"end":{"line":165,"column":11}},"type":"if","locations":[{"start":{"line":148,"column":17},"end":{"line":165,"column":11}},{"start":{"line":148,"column":17},"end":{"line":165,"column":11}}],"line":148},"11":{"loc":{"start":{"line":152,"column":12},"end":{"line":155,"column":13}},"type":"if","locations":[{"start":{"line":152,"column":12},"end":{"line":155,"column":13}},{"start":{"line":152,"column":12},"end":{"line":155,"column":13}}],"line":152},"12":{"loc":{"start":{"line":161,"column":12},"end":{"line":164,"column":13}},"type":"if","locations":[{"start":{"line":161,"column":12},"end":{"line":164,"column":13}},{"start":{"line":161,"column":12},"end":{"line":164,"column":13}}],"line":161}},"s":{"0":1,"1":0,"2":0,"3":0,"4":0,"5":0,"6":0,"7":0,"8":0,"9":0,"10":0,"11":0,"12":0,"13":0,"14":0,"15":0,"16":0,"17":0,"18":0,"19":0,"20":0,"21":0,"22":0,"23":0,"24":0,"25":0,"26":0,"27":0,"28":0,"29":0,"30":0,"31":0,"32":0,"33":0,"34":0,"35":0,"36":0,"37":0,"38":0,"39":0,"40":0,"41":0,"42":0,"43":0,"44":0,"45":0,"46":0,"47":0,"48":0,"49":0,"50":0,"51":0,"52":0,"53":0,"54":0,"55":0,"56":0,"57":0,"58":0,"59":0,"60":0,"61":0,"62":0,"63":0,"64":0,"65":0},"f":{"0":0,"1":0,"2":0,"3":0,"4":0,"5":0,"6":0,"7":0,"8":0,"9":0,"10":0,"11":0},"b":{"0":[0],"1":[0],"2":[0,0],"3":[0,0,0],"4":[0,0],"5":[0,0],"6":[0,0],"7":[0,0],"8":[0,0],"9":[0,0],"10":[0,0],"11":[0,0],"12":[0,0]},"_coverageSchema":"1a1c01bbd47fc00a2c39e90264f33305004495a9","hash":"91254a7b7c537e1398b6a74f3995af8f4748cf32"}
,"/Users/anarkafkas/Projects/Firecode/firecode/packages/admin/src/implementations/BasicDefaultMigratorImplementation.ts": {"path":"/Users/anarkafkas/Projects/Firecode/firecode/packages/admin/src/implementations/BasicDefaultMigratorImplementation.ts","statementMap":{"0":{"start":{"line":22,"column":62},"end":{"line":22,"column":66}},"1":{"start":{"line":24,"column":4},"end":{"line":24,"column":12}},"2":{"start":{"line":25,"column":4},"end":{"line":25,"column":51}},"3":{"start":{"line":34,"column":4},"end":{"line":34,"column":77}},"4":{"start":{"line":40,"column":4},"end":{"line":40,"column":86}},"5":{"start":{"line":54,"column":27},"end":{"line":54,"column":28}},"6":{"start":{"line":56,"column":56},"end":{"line":102,"column":5}},"7":{"start":{"line":58,"column":8},"end":{"line":58,"column":77}},"8":{"start":{"line":60,"column":33},"end":{"line":60,"column":34}},"9":{"start":{"line":62,"column":25},"end":{"line":94,"column":10}},"10":{"start":{"line":63,"column":32},"end":{"line":63,"column":65}},"11":{"start":{"line":65,"column":10},"end":{"line":67,"column":11}},"12":{"start":{"line":66,"column":12},"end":{"line":66,"column":19}},"13":{"start":{"line":69,"column":10},"end":{"line":69,"column":31}},"14":{"start":{"line":71,"column":10},"end":{"line":93,"column":11}},"15":{"start":{"line":72,"column":12},"end":{"line":80,"column":13}},"16":{"start":{"line":74,"column":27},"end":{"line":74,"column":54}},"17":{"start":{"line":75,"column":14},"end":{"line":75,"column":52}},"18":{"start":{"line":78,"column":27},"end":{"line":78,"column":45}},"19":{"start":{"line":79,"column":14},"end":{"line":79,"column":43}},"20":{"start":{"line":82,"column":12},"end":{"line":92,"column":13}},"21":{"start":{"line":84,"column":30},"end":{"line":84,"column":72}},"22":{"start":{"line":85,"column":27},"end":{"line":85,"column":44}},"23":{"start":{"line":86,"column":14},"end":{"line":86,"column":52}},"24":{"start":{"line":89,"column":30},"end":{"line":89,"column":63}},"25":{"start":{"line":90,"column":27},"end":{"line":90,"column":44}},"26":{"start":{"line":91,"column":14},"end":{"line":91,"column":43}},"27":{"start":{"line":96,"column":8},"end":{"line":96,"column":36}},"28":{"start":{"line":98,"column":8},"end":{"line":98,"column":47}},"29":{"start":{"line":100,"column":8},"end":{"line":100,"column":79}},"30":{"start":{"line":104,"column":4},"end":{"line":104,"column":63}},"31":{"start":{"line":117,"column":21},"end":{"line":117,"column":71}},"32":{"start":{"line":117,"column":48},"end":{"line":117,"column":63}},"33":{"start":{"line":118,"column":27},"end":{"line":118,"column":28}},"34":{"start":{"line":120,"column":56},"end":{"line":161,"column":5}},"35":{"start":{"line":122,"column":8},"end":{"line":122,"column":77}},"36":{"start":{"line":124,"column":33},"end":{"line":124,"column":34}},"37":{"start":{"line":126,"column":25},"end":{"line":153,"column":10}},"38":{"start":{"line":127,"column":10},"end":{"line":152,"column":11}},"39":{"start":{"line":129,"column":34},"end":{"line":129,"column":61}},"40":{"start":{"line":130,"column":34},"end":{"line":130,"column":67}},"41":{"start":{"line":131,"column":12},"end":{"line":134,"column":13}},"42":{"start":{"line":132,"column":14},"end":{"line":132,"column":35}},"43":{"start":{"line":133,"column":14},"end":{"line":133,"column":65}},"44":{"start":{"line":135,"column":17},"end":{"line":152,"column":11}},"45":{"start":{"line":137,"column":31},"end":{"line":137,"column":59}},"46":{"start":{"line":138,"column":34},"end":{"line":138,"column":67}},"47":{"start":{"line":139,"column":12},"end":{"line":142,"column":13}},"48":{"start":{"line":140,"column":14},"end":{"line":140,"column":35}},"49":{"start":{"line":141,"column":14},"end":{"line":141,"column":52}},"50":{"start":{"line":145,"column":26},"end":{"line":145,"column":62}},"51":{"start":{"line":146,"column":26},"end":{"line":146,"column":37}},"52":{"start":{"line":147,"column":34},"end":{"line":147,"column":67}},"53":{"start":{"line":148,"column":12},"end":{"line":151,"column":13}},"54":{"start":{"line":149,"column":14},"end":{"line":149,"column":35}},"55":{"start":{"line":150,"column":14},"end":{"line":150,"column":54}},"56":{"start":{"line":155,"column":8},"end":{"line":155,"column":36}},"57":{"start":{"line":157,"column":8},"end":{"line":157,"column":47}},"58":{"start":{"line":159,"column":8},"end":{"line":159,"column":79}},"59":{"start":{"line":163,"column":4},"end":{"line":163,"column":63}}},"fnMap":{"0":{"name":"(anonymous_0)","decl":{"start":{"line":20,"column":2},"end":{"line":20,"column":3}},"loc":{"start":{"line":23,"column":4},"end":{"line":26,"column":3}},"line":23},"1":{"name":"(anonymous_1)","decl":{"start":{"line":22,"column":56},"end":{"line":22,"column":57}},"loc":{"start":{"line":22,"column":62},"end":{"line":22,"column":66}},"line":22},"2":{"name":"(anonymous_2)","decl":{"start":{"line":29,"column":2},"end":{"line":29,"column":3}},"loc":{"start":{"line":29,"column":56},"end":{"line":31,"column":3}},"line":29},"3":{"name":"(anonymous_3)","decl":{"start":{"line":33,"column":2},"end":{"line":33,"column":3}},"loc":{"start":{"line":33,"column":80},"end":{"line":35,"column":3}},"line":33},"4":{"name":"(anonymous_4)","decl":{"start":{"line":37,"column":2},"end":{"line":37,"column":3}},"loc":{"start":{"line":39,"column":28},"end":{"line":41,"column":3}},"line":39},"5":{"name":"(anonymous_5)","decl":{"start":{"line":50,"column":2},"end":{"line":50,"column":3}},"loc":{"start":{"line":53,"column":30},"end":{"line":105,"column":3}},"line":53},"6":{"name":"(anonymous_6)","decl":{"start":{"line":57,"column":6},"end":{"line":57,"column":7}},"loc":{"start":{"line":57,"column":39},"end":{"line":101,"column":7}},"line":57},"7":{"name":"(anonymous_7)","decl":{"start":{"line":62,"column":39},"end":{"line":62,"column":40}},"loc":{"start":{"line":62,"column":59},"end":{"line":94,"column":9}},"line":62},"8":{"name":"(anonymous_8)","decl":{"start":{"line":113,"column":2},"end":{"line":113,"column":3}},"loc":{"start":{"line":116,"column":30},"end":{"line":164,"column":3}},"line":116},"9":{"name":"(anonymous_9)","decl":{"start":{"line":117,"column":41},"end":{"line":117,"column":42}},"loc":{"start":{"line":117,"column":48},"end":{"line":117,"column":63}},"line":117},"10":{"name":"(anonymous_10)","decl":{"start":{"line":121,"column":6},"end":{"line":121,"column":7}},"loc":{"start":{"line":121,"column":39},"end":{"line":160,"column":7}},"line":121},"11":{"name":"(anonymous_11)","decl":{"start":{"line":126,"column":39},"end":{"line":126,"column":40}},"loc":{"start":{"line":126,"column":59},"end":{"line":153,"column":9}},"line":126}},"branchMap":{"0":{"loc":{"start":{"line":22,"column":12},"end":{"line":22,"column":66}},"type":"default-arg","locations":[{"start":{"line":22,"column":56},"end":{"line":22,"column":66}}],"line":22},"1":{"loc":{"start":{"line":29,"column":25},"end":{"line":29,"column":48}},"type":"default-arg","locations":[{"start":{"line":29,"column":46},"end":{"line":29,"column":48}}],"line":29},"2":{"loc":{"start":{"line":65,"column":10},"end":{"line":67,"column":11}},"type":"if","locations":[{"start":{"line":65,"column":10},"end":{"line":67,"column":11}},{"start":{"line":65,"column":10},"end":{"line":67,"column":11}}],"line":65},"3":{"loc":{"start":{"line":71,"column":10},"end":{"line":93,"column":11}},"type":"if","locations":[{"start":{"line":71,"column":10},"end":{"line":93,"column":11}},{"start":{"line":71,"column":10},"end":{"line":93,"column":11}}],"line":71},"4":{"loc":{"start":{"line":72,"column":12},"end":{"line":80,"column":13}},"type":"if","locations":[{"start":{"line":72,"column":12},"end":{"line":80,"column":13}},{"start":{"line":72,"column":12},"end":{"line":80,"column":13}}],"line":72},"5":{"loc":{"start":{"line":82,"column":12},"end":{"line":92,"column":13}},"type":"if","locations":[{"start":{"line":82,"column":12},"end":{"line":92,"column":13}},{"start":{"line":82,"column":12},"end":{"line":92,"column":13}}],"line":82},"6":{"loc":{"start":{"line":127,"column":10},"end":{"line":152,"column":11}},"type":"if","locations":[{"start":{"line":127,"column":10},"end":{"line":152,"column":11}},{"start":{"line":127,"column":10},"end":{"line":152,"column":11}}],"line":127},"7":{"loc":{"start":{"line":131,"column":12},"end":{"line":134,"column":13}},"type":"if","locations":[{"start":{"line":131,"column":12},"end":{"line":134,"column":13}},{"start":{"line":131,"column":12},"end":{"line":134,"column":13}}],"line":131},"8":{"loc":{"start":{"line":135,"column":17},"end":{"line":152,"column":11}},"type":"if","locations":[{"start":{"line":135,"column":17},"end":{"line":152,"column":11}},{"start":{"line":135,"column":17},"end":{"line":152,"column":11}}],"line":135},"9":{"loc":{"start":{"line":139,"column":12},"end":{"line":142,"column":13}},"type":"if","locations":[{"start":{"line":139,"column":12},"end":{"line":142,"column":13}},{"start":{"line":139,"column":12},"end":{"line":142,"column":13}}],"line":139},"10":{"loc":{"start":{"line":148,"column":12},"end":{"line":151,"column":13}},"type":"if","locations":[{"start":{"line":148,"column":12},"end":{"line":151,"column":13}},{"start":{"line":148,"column":12},"end":{"line":151,"column":13}}],"line":148}},"s":{"0":0,"1":0,"2":0,"3":0,"4":0,"5":0,"6":0,"7":0,"8":0,"9":0,"10":0,"11":0,"12":0,"13":0,"14":0,"15":0,"16":0,"17":0,"18":0,"19":0,"20":0,"21":0,"22":0,"23":0,"24":0,"25":0,"26":0,"27":0,"28":0,"29":0,"30":0,"31":0,"32":0,"33":0,"34":0,"35":0,"36":0,"37":0,"38":0,"39":0,"40":0,"41":0,"42":0,"43":0,"44":0,"45":0,"46":0,"47":0,"48":0,"49":0,"50":0,"51":0,"52":0,"53":0,"54":0,"55":0,"56":0,"57":0,"58":0,"59":0},"f":{"0":0,"1":0,"2":0,"3":0,"4":0,"5":0,"6":0,"7":0,"8":0,"9":0,"10":0,"11":0},"b":{"0":[0],"1":[0],"2":[0,0],"3":[0,0],"4":[0,0],"5":[0,0],"6":[0,0],"7":[0,0],"8":[0,0],"9":[0,0],"10":[0,0]},"_coverageSchema":"1a1c01bbd47fc00a2c39e90264f33305004495a9","hash":"a0339718bf3b03c5aa480b5b0272b85d3f01935c"}
,"/Users/anarkafkas/Projects/Firecode/firecode/packages/admin/src/implementations/BasicSlowTraverserImplementation.ts": {"path":"/Users/anarkafkas/Projects/Firecode/firecode/packages/admin/src/implementations/BasicSlowTraverserImplementation.ts","statementMap":{"0":{"start":{"line":15,"column":59},"end":{"line":17,"column":3}},"1":{"start":{"line":23,"column":4},"end":{"line":23,"column":76}},"2":{"start":{"line":30,"column":4},"end":{"line":33,"column":7}},"3":{"start":{"line":42,"column":8},"end":{"line":42,"column":28}},"4":{"start":{"line":44,"column":21},"end":{"line":44,"column":22}},"5":{"start":{"line":45,"column":19},"end":{"line":45,"column":20}},"6":{"start":{"line":46,"column":16},"end":{"line":46,"column":72}},"7":{"start":{"line":48,"column":4},"end":{"line":72,"column":5}},"8":{"start":{"line":49,"column":42},"end":{"line":49,"column":59}},"9":{"start":{"line":50,"column":28},"end":{"line":50,"column":52}},"10":{"start":{"line":52,"column":6},"end":{"line":54,"column":7}},"11":{"start":{"line":53,"column":8},"end":{"line":53,"column":14}},"12":{"start":{"line":56,"column":29},"end":{"line":56,"column":65}},"13":{"start":{"line":58,"column":6},"end":{"line":58,"column":32}},"14":{"start":{"line":60,"column":6},"end":{"line":60,"column":52}},"15":{"start":{"line":62,"column":6},"end":{"line":64,"column":7}},"16":{"start":{"line":63,"column":8},"end":{"line":63,"column":14}},"17":{"start":{"line":66,"column":6},"end":{"line":66,"column":98}},"18":{"start":{"line":67,"column":6},"end":{"line":67,"column":19}},"19":{"start":{"line":69,"column":6},"end":{"line":71,"column":7}},"20":{"start":{"line":70,"column":8},"end":{"line":70,"column":45}},"21":{"start":{"line":74,"column":4},"end":{"line":74,"column":48}}},"fnMap":{"0":{"name":"(anonymous_0)","decl":{"start":{"line":19,"column":2},"end":{"line":19,"column":3}},"loc":{"start":{"line":22,"column":4},"end":{"line":24,"column":3}},"line":22},"1":{"name":"(anonymous_1)","decl":{"start":{"line":27,"column":2},"end":{"line":27,"column":3}},"loc":{"start":{"line":27,"column":70},"end":{"line":27,"column":72}},"line":27},"2":{"name":"(anonymous_2)","decl":{"start":{"line":29,"column":2},"end":{"line":29,"column":3}},"loc":{"start":{"line":29,"column":72},"end":{"line":34,"column":3}},"line":29},"3":{"name":"(anonymous_3)","decl":{"start":{"line":36,"column":2},"end":{"line":36,"column":3}},"loc":{"start":{"line":36,"column":83},"end":{"line":75,"column":3}},"line":36}},"branchMap":{"0":{"loc":{"start":{"line":27,"column":25},"end":{"line":27,"column":62}},"type":"default-arg","locations":[{"start":{"line":27,"column":60},"end":{"line":27,"column":62}}],"line":27},"1":{"loc":{"start":{"line":52,"column":6},"end":{"line":54,"column":7}},"type":"if","locations":[{"start":{"line":52,"column":6},"end":{"line":54,"column":7}},{"start":{"line":52,"column":6},"end":{"line":54,"column":7}}],"line":52},"2":{"loc":{"start":{"line":62,"column":6},"end":{"line":64,"column":7}},"type":"if","locations":[{"start":{"line":62,"column":6},"end":{"line":64,"column":7}},{"start":{"line":62,"column":6},"end":{"line":64,"column":7}}],"line":62},"3":{"loc":{"start":{"line":69,"column":6},"end":{"line":71,"column":7}},"type":"if","locations":[{"start":{"line":69,"column":6},"end":{"line":71,"column":7}},{"start":{"line":69,"column":6},"end":{"line":71,"column":7}}],"line":69}},"s":{"0":1,"1":1,"2":0,"3":1,"4":1,"5":1,"6":1,"7":1,"8":5,"9":5,"10":5,"11":0,"12":5,"13":5,"14":5,"15":5,"16":1,"17":4,"18":4,"19":4,"20":0,"21":1},"f":{"0":1,"1":0,"2":0,"3":1},"b":{"0":[0],"1":[0,5],"2":[1,4],"3":[0,4]},"_coverageSchema":"1a1c01bbd47fc00a2c39e90264f33305004495a9","hash":"6282f91a358c36d0e068972a69c67706f3dc635b"}
,"/Users/anarkafkas/Projects/Firecode/firecode/packages/admin/src/implementations/PromiseQueueBasedFastTraverserImplementation.ts": {"path":"/Users/anarkafkas/Projects/Firecode/firecode/packages/admin/src/implementations/PromiseQueueBasedFastTraverserImplementation.ts","statementMap":{"0":{"start":{"line":13,"column":31},"end":{"line":13,"column":34}},"1":{"start":{"line":18,"column":63},"end":{"line":21,"column":3}},"2":{"start":{"line":27,"column":4},"end":{"line":27,"column":88}},"3":{"start":{"line":28,"column":4},"end":{"line":28,"column":32}},"4":{"start":{"line":32,"column":40},"end":{"line":32,"column":46}},"5":{"start":{"line":33,"column":4},"end":{"line":33,"column":91}},"6":{"start":{"line":40,"column":4},"end":{"line":42,"column":5}},"7":{"start":{"line":41,"column":6},"end":{"line":41,"column":94}},"8":{"start":{"line":46,"column":4},"end":{"line":49,"column":7}},"9":{"start":{"line":59,"column":8},"end":{"line":59,"column":28}},"10":{"start":{"line":61,"column":24},"end":{"line":61,"column":25}},"11":{"start":{"line":62,"column":19},"end":{"line":62,"column":20}},"12":{"start":{"line":63,"column":16},"end":{"line":63,"column":72}},"13":{"start":{"line":65,"column":33},"end":{"line":65,"column":57}},"14":{"start":{"line":67,"column":37},"end":{"line":71,"column":30}},"15":{"start":{"line":68,"column":6},"end":{"line":70,"column":7}},"16":{"start":{"line":69,"column":8},"end":{"line":69,"column":45}},"17":{"start":{"line":73,"column":4},"end":{"line":101,"column":5}},"18":{"start":{"line":74,"column":42},"end":{"line":74,"column":59}},"19":{"start":{"line":75,"column":28},"end":{"line":75,"column":52}},"20":{"start":{"line":77,"column":6},"end":{"line":79,"column":7}},"21":{"start":{"line":78,"column":8},"end":{"line":78,"column":14}},"22":{"start":{"line":81,"column":29},"end":{"line":81,"column":65}},"23":{"start":{"line":83,"column":6},"end":{"line":83,"column":32}},"24":{"start":{"line":85,"column":6},"end":{"line":85,"column":79}},"25":{"start":{"line":87,"column":6},"end":{"line":89,"column":7}},"26":{"start":{"line":88,"column":8},"end":{"line":88,"column":14}},"27":{"start":{"line":91,"column":6},"end":{"line":93,"column":7}},"28":{"start":{"line":92,"column":8},"end":{"line":92,"column":44}},"29":{"start":{"line":95,"column":6},"end":{"line":97,"column":7}},"30":{"start":{"line":96,"column":8},"end":{"line":96,"column":45}},"31":{"start":{"line":99,"column":6},"end":{"line":99,"column":98}},"32":{"start":{"line":100,"column":6},"end":{"line":100,"column":22}},"33":{"start":{"line":103,"column":4},"end":{"line":103,"column":31}},"34":{"start":{"line":108,"column":4},"end":{"line":108,"column":41}},"35":{"start":{"line":110,"column":4},"end":{"line":110,"column":51}}},"fnMap":{"0":{"name":"(anonymous_0)","decl":{"start":{"line":23,"column":2},"end":{"line":23,"column":3}},"loc":{"start":{"line":26,"column":4},"end":{"line":29,"column":3}},"line":26},"1":{"name":"(anonymous_1)","decl":{"start":{"line":31,"column":2},"end":{"line":31,"column":3}},"loc":{"start":{"line":31,"column":74},"end":{"line":34,"column":3}},"line":31},"2":{"name":"(anonymous_2)","decl":{"start":{"line":36,"column":2},"end":{"line":36,"column":3}},"loc":{"start":{"line":39,"column":17},"end":{"line":43,"column":3}},"line":39},"3":{"name":"(anonymous_3)","decl":{"start":{"line":45,"column":2},"end":{"line":45,"column":3}},"loc":{"start":{"line":45,"column":76},"end":{"line":50,"column":3}},"line":45},"4":{"name":"(anonymous_4)","decl":{"start":{"line":52,"column":2},"end":{"line":52,"column":3}},"loc":{"start":{"line":52,"column":83},"end":{"line":111,"column":3}},"line":52},"5":{"name":"(anonymous_5)","decl":{"start":{"line":67,"column":54},"end":{"line":67,"column":55}},"loc":{"start":{"line":67,"column":66},"end":{"line":71,"column":5}},"line":67}},"branchMap":{"0":{"loc":{"start":{"line":31,"column":25},"end":{"line":31,"column":66}},"type":"default-arg","locations":[{"start":{"line":31,"column":64},"end":{"line":31,"column":66}}],"line":31},"1":{"loc":{"start":{"line":40,"column":4},"end":{"line":42,"column":5}},"type":"if","locations":[{"start":{"line":40,"column":4},"end":{"line":42,"column":5}},{"start":{"line":40,"column":4},"end":{"line":42,"column":5}}],"line":40},"2":{"loc":{"start":{"line":40,"column":8},"end":{"line":40,"column":58}},"type":"binary-expr","locations":[{"start":{"line":40,"column":8},"end":{"line":40,"column":31}},{"start":{"line":40,"column":35},"end":{"line":40,"column":58}}],"line":40},"3":{"loc":{"start":{"line":68,"column":6},"end":{"line":70,"column":7}},"type":"if","locations":[{"start":{"line":68,"column":6},"end":{"line":70,"column":7}},{"start":{"line":68,"column":6},"end":{"line":70,"column":7}}],"line":68},"4":{"loc":{"start":{"line":77,"column":6},"end":{"line":79,"column":7}},"type":"if","locations":[{"start":{"line":77,"column":6},"end":{"line":79,"column":7}},{"start":{"line":77,"column":6},"end":{"line":79,"column":7}}],"line":77},"5":{"loc":{"start":{"line":87,"column":6},"end":{"line":89,"column":7}},"type":"if","locations":[{"start":{"line":87,"column":6},"end":{"line":89,"column":7}},{"start":{"line":87,"column":6},"end":{"line":89,"column":7}}],"line":87},"6":{"loc":{"start":{"line":95,"column":6},"end":{"line":97,"column":7}},"type":"if","locations":[{"start":{"line":95,"column":6},"end":{"line":97,"column":7}},{"start":{"line":95,"column":6},"end":{"line":97,"column":7}}],"line":95}},"s":{"0":1,"1":1,"2":0,"3":0,"4":0,"5":0,"6":0,"7":0,"8":0,"9":0,"10":0,"11":0,"12":0,"13":0,"14":0,"15":0,"16":0,"17":0,"18":0,"19":0,"20":0,"21":0,"22":0,"23":0,"24":0,"25":0,"26":0,"27":0,"28":0,"29":0,"30":0,"31":0,"32":0,"33":0,"34":0,"35":0},"f":{"0":0,"1":0,"2":0,"3":0,"4":0,"5":0},"b":{"0":[0],"1":[0,0],"2":[0,0],"3":[0,0],"4":[0,0],"5":[0,0],"6":[0,0]},"_coverageSchema":"1a1c01bbd47fc00a2c39e90264f33305004495a9","hash":"cf6b57b067e7521ec77c9637bbd891bf64e9c990"}
,"/Users/anarkafkas/Projects/Firecode/firecode/packages/admin/src/implementations/index.ts": {"path":"/Users/anarkafkas/Projects/Firecode/firecode/packages/admin/src/implementations/index.ts","statementMap":{},"fnMap":{},"branchMap":{},"s":{},"f":{},"b":{},"_coverageSchema":"1a1c01bbd47fc00a2c39e90264f33305004495a9","hash":"5a97bcada7d9d1f68f852f3d1564d401b24c7c71"}
,"/Users/anarkafkas/Projects/Firecode/firecode/packages/admin/src/implementations/abstract/AbstractMigrator.ts": {"path":"/Users/anarkafkas/Projects/Firecode/firecode/packages/admin/src/implementations/abstract/AbstractMigrator.ts","statementMap":{"0":{"start":{"line":18,"column":6},"end":{"line":18,"column":8}},"1":{"start":{"line":21,"column":4},"end":{"line":21,"column":59}},"2":{"start":{"line":25,"column":4},"end":{"line":25,"column":61}}},"fnMap":{"0":{"name":"(anonymous_0)","decl":{"start":{"line":20,"column":2},"end":{"line":20,"column":3}},"loc":{"start":{"line":20,"column":62},"end":{"line":22,"column":3}},"line":20},"1":{"name":"(anonymous_1)","decl":{"start":{"line":24,"column":2},"end":{"line":24,"column":3}},"loc":{"start":{"line":24,"column":64},"end":{"line":26,"column":3}},"line":24}},"branchMap":{},"s":{"0":0,"1":0,"2":0},"f":{"0":0,"1":0},"b":{},"_coverageSchema":"1a1c01bbd47fc00a2c39e90264f33305004495a9","hash":"989114296ddf7da01be9e5b175a55df2bc43088b"}
,"/Users/anarkafkas/Projects/Firecode/firecode/packages/admin/src/implementations/abstract/AbstractTraverser.ts": {"path":"/Users/anarkafkas/Projects/Firecode/firecode/packages/admin/src/implementations/abstract/AbstractTraverser.ts","statementMap":{"0":{"start":{"line":15,"column":58},"end":{"line":20,"column":3}},"1":{"start":{"line":22,"column":73},"end":{"line":25,"column":3}},"2":{"start":{"line":28,"column":4},"end":{"line":28,"column":45}},"3":{"start":{"line":32,"column":64},"end":{"line":32,"column":70}},"4":{"start":{"line":34,"column":4},"end":{"line":34,"column":67}},"5":{"start":{"line":35,"column":4},"end":{"line":35,"column":95}},"6":{"start":{"line":37,"column":4},"end":{"line":39,"column":5}},"7":{"start":{"line":38,"column":6},"end":{"line":38,"column":73}},"8":{"start":{"line":46,"column":4},"end":{"line":48,"column":5}},"9":{"start":{"line":47,"column":6},"end":{"line":47,"column":94}},"10":{"start":{"line":55,"column":55},"end":{"line":58,"column":5}},"11":{"start":{"line":60,"column":37},"end":{"line":67,"column":6}},"12":{"start":{"line":61,"column":6},"end":{"line":66,"column":7}},"13":{"start":{"line":61,"column":19},"end":{"line":61,"column":20}},"14":{"start":{"line":62,"column":8},"end":{"line":62,"column":52}},"15":{"start":{"line":63,"column":8},"end":{"line":65,"column":9}},"16":{"start":{"line":64,"column":10},"end":{"line":64,"column":44}},"17":{"start":{"line":69,"column":4},"end":{"line":69,"column":36}}},"fnMap":{"0":{"name":"(anonymous_0)","decl":{"start":{"line":27,"column":2},"end":{"line":27,"column":3}},"loc":{"start":{"line":27,"column":60},"end":{"line":29,"column":3}},"line":27},"1":{"name":"(anonymous_1)","decl":{"start":{"line":31,"column":2},"end":{"line":31,"column":3}},"loc":{"start":{"line":31,"column":74},"end":{"line":40,"column":3}},"line":31},"2":{"name":"(anonymous_2)","decl":{"start":{"line":42,"column":2},"end":{"line":42,"column":3}},"loc":{"start":{"line":45,"column":17},"end":{"line":49,"column":3}},"line":45},"3":{"name":"(anonymous_3)","decl":{"start":{"line":51,"column":2},"end":{"line":51,"column":3}},"loc":{"start":{"line":54,"column":30},"end":{"line":70,"column":3}},"line":54},"4":{"name":"(anonymous_4)","decl":{"start":{"line":60,"column":57},"end":{"line":60,"column":58}},"loc":{"start":{"line":60,"column":90},"end":{"line":67,"column":5}},"line":60}},"branchMap":{"0":{"loc":{"start":{"line":31,"column":29},"end":{"line":31,"column":66}},"type":"default-arg","locations":[{"start":{"line":31,"column":64},"end":{"line":31,"column":66}}],"line":31},"1":{"loc":{"start":{"line":37,"column":4},"end":{"line":39,"column":5}},"type":"if","locations":[{"start":{"line":37,"column":4},"end":{"line":39,"column":5}},{"start":{"line":37,"column":4},"end":{"line":39,"column":5}}],"line":37},"2":{"loc":{"start":{"line":46,"column":4},"end":{"line":48,"column":5}},"type":"if","locations":[{"start":{"line":46,"column":4},"end":{"line":48,"column":5}},{"start":{"line":46,"column":4},"end":{"line":48,"column":5}}],"line":46},"3":{"loc":{"start":{"line":46,"column":8},"end":{"line":46,"column":58}},"type":"binary-expr","locations":[{"start":{"line":46,"column":8},"end":{"line":46,"column":31}},{"start":{"line":46,"column":35},"end":{"line":46,"column":58}}],"line":46},"4":{"loc":{"start":{"line":53,"column":4},"end":{"line":53,"column":44}},"type":"default-arg","locations":[{"start":{"line":53,"column":42},"end":{"line":53,"column":44}}],"line":53},"5":{"loc":{"start":{"line":63,"column":8},"end":{"line":65,"column":9}},"type":"if","locations":[{"start":{"line":63,"column":8},"end":{"line":65,"column":9}},{"start":{"line":63,"column":8},"end":{"line":65,"column":9}}],"line":63}},"s":{"0":1,"1":1,"2":1,"3":1,"4":1,"5":1,"6":1,"7":1,"8":3,"9":0,"10":0,"11":0,"12":0,"13":0,"14":0,"15":0,"16":0,"17":0},"f":{"0":1,"1":1,"2":3,"3":0,"4":0},"b":{"0":[0],"1":[1,0],"2":[0,3],"3":[3,3],"4":[0],"5":[0,0]},"_coverageSchema":"1a1c01bbd47fc00a2c39e90264f33305004495a9","hash":"d9b32b134e95f29ee5b879292d8019a80735266d"}
,"/Users/anarkafkas/Projects/Firecode/firecode/packages/admin/src/implementations/abstract/index.ts": {"path":"/Users/anarkafkas/Projects/Firecode/firecode/packages/admin/src/implementations/abstract/index.ts","statementMap":{},"fnMap":{},"branchMap":{},"s":{},"f":{},"b":{},"_coverageSchema":"1a1c01bbd47fc00a2c39e90264f33305004495a9","hash":"7e6612320d1713ab4218de2a469fc42776042efd"}
,"/Users/anarkafkas/Projects/Firecode/firecode/packages/admin/src/utils/index.ts": {"path":"/Users/anarkafkas/Projects/Firecode/firecode/packages/admin/src/utils/index.ts","statementMap":{},"fnMap":{},"branchMap":{},"s":{},"f":{},"b":{},"_coverageSchema":"1a1c01bbd47fc00a2c39e90264f33305004495a9","hash":"14d1beb7f6753ba2ad9e63d214e30bc6d36dffe0"}
,"/Users/anarkafkas/Projects/Firecode/firecode/packages/admin/src/utils/essential/SLLNode.ts": {"path":"/Users/anarkafkas/Projects/Firecode/firecode/packages/admin/src/utils/essential/SLLNode.ts","statementMap":{"0":{"start":{"line":6,"column":4},"end":{"line":6,"column":21}},"1":{"start":{"line":7,"column":4},"end":{"line":7,"column":21}}},"fnMap":{"0":{"name":"(anonymous_0)","decl":{"start":{"line":5,"column":2},"end":{"line":5,"column":3}},"loc":{"start":{"line":5,"column":30},"end":{"line":8,"column":3}},"line":5}},"branchMap":{},"s":{"0":0,"1":0},"f":{"0":0},"b":{},"_coverageSchema":"1a1c01bbd47fc00a2c39e90264f33305004495a9","hash":"bdf5c22b260d8e95baacaca3914b4e277baecb83"}
,"/Users/anarkafkas/Projects/Firecode/firecode/packages/admin/src/utils/essential/SLLQueue.ts": {"path":"/Users/anarkafkas/Projects/Firecode/firecode/packages/admin/src/utils/essential/SLLQueue.ts","statementMap":{"0":{"start":{"line":12,"column":4},"end":{"line":12,"column":20}},"1":{"start":{"line":13,"column":4},"end":{"line":13,"column":23}},"2":{"start":{"line":14,"column":4},"end":{"line":14,"column":23}},"3":{"start":{"line":18,"column":4},"end":{"line":18,"column":26}},"4":{"start":{"line":22,"column":4},"end":{"line":22,"column":27}},"5":{"start":{"line":26,"column":16},"end":{"line":26,"column":25}},"6":{"start":{"line":27,"column":18},"end":{"line":27,"column":35}},"7":{"start":{"line":29,"column":4},"end":{"line":31,"column":5}},"8":{"start":{"line":29,"column":17},"end":{"line":29,"column":18}},"9":{"start":{"line":30,"column":6},"end":{"line":30,"column":32}},"10":{"start":{"line":33,"column":4},"end":{"line":33,"column":17}},"11":{"start":{"line":41,"column":20},"end":{"line":41,"column":40}},"12":{"start":{"line":42,"column":4},"end":{"line":49,"column":5}},"13":{"start":{"line":43,"column":6},"end":{"line":43,"column":25}},"14":{"start":{"line":44,"column":6},"end":{"line":44,"column":28}},"15":{"start":{"line":46,"column":6},"end":{"line":46,"column":32}},"16":{"start":{"line":47,"column":6},"end":{"line":47,"column":30}},"17":{"start":{"line":48,"column":6},"end":{"line":48,"column":31}},"18":{"start":{"line":50,"column":4},"end":{"line":50,"column":21}},"19":{"start":{"line":58,"column":4},"end":{"line":58,"column":33}},"20":{"start":{"line":59,"column":4},"end":{"line":59,"column":33}},"21":{"start":{"line":60,"column":23},"end":{"line":60,"column":39}},"22":{"start":{"line":61,"column":4},"end":{"line":61,"column":35}},"23":{"start":{"line":62,"column":4},"end":{"line":62,"column":21}},"24":{"start":{"line":63,"column":4},"end":{"line":63,"column":22}},"25":{"start":{"line":67,"column":4},"end":{"line":71,"column":5}},"26":{"start":{"line":68,"column":6},"end":{"line":70,"column":8}},"27":{"start":{"line":75,"column":4},"end":{"line":75,"column":33}},"28":{"start":{"line":76,"column":4},"end":{"line":76,"column":33}},"29":{"start":{"line":77,"column":4},"end":{"line":77,"column":28}},"30":{"start":{"line":81,"column":4},"end":{"line":83,"column":5}},"31":{"start":{"line":82,"column":6},"end":{"line":82,"column":45}}},"fnMap":{"0":{"name":"(anonymous_0)","decl":{"start":{"line":11,"column":2},"end":{"line":11,"column":3}},"loc":{"start":{"line":11,"column":23},"end":{"line":15,"column":3}},"line":11},"1":{"name":"(anonymous_1)","decl":{"start":{"line":17,"column":2},"end":{"line":17,"column":3}},"loc":{"start":{"line":17,"column":28},"end":{"line":19,"column":3}},"line":17},"2":{"name":"(anonymous_2)","decl":{"start":{"line":21,"column":2},"end":{"line":21,"column":3}},"loc":{"start":{"line":21,"column":28},"end":{"line":23,"column":3}},"line":21},"3":{"name":"(anonymous_3)","decl":{"start":{"line":25,"column":2},"end":{"line":25,"column":3}},"loc":{"start":{"line":25,"column":31},"end":{"line":34,"column":3}},"line":25},"4":{"name":"(anonymous_4)","decl":{"start":{"line":39,"column":2},"end":{"line":39,"column":3}},"loc":{"start":{"line":39,"column":32},"end":{"line":51,"column":3}},"line":39},"5":{"name":"(anonymous_5)","decl":{"start":{"line":56,"column":2},"end":{"line":56,"column":3}},"loc":{"start":{"line":56,"column":22},"end":{"line":64,"column":3}},"line":56},"6":{"name":"(anonymous_6)","decl":{"start":{"line":66,"column":2},"end":{"line":66,"column":3}},"loc":{"start":{"line":66,"column":60},"end":{"line":72,"column":3}},"line":66},"7":{"name":"(anonymous_7)","decl":{"start":{"line":74,"column":2},"end":{"line":74,"column":3}},"loc":{"start":{"line":74,"column":19},"end":{"line":78,"column":3}},"line":74},"8":{"name":"(anonymous_8)","decl":{"start":{"line":80,"column":2},"end":{"line":80,"column":3}},"loc":{"start":{"line":80,"column":40},"end":{"line":84,"column":3}},"line":80}},"branchMap":{"0":{"loc":{"start":{"line":42,"column":4},"end":{"line":49,"column":5}},"type":"if","locations":[{"start":{"line":42,"column":4},"end":{"line":49,"column":5}},{"start":{"line":42,"column":4},"end":{"line":49,"column":5}}],"line":42},"1":{"loc":{"start":{"line":67,"column":4},"end":{"line":71,"column":5}},"type":"if","locations":[{"start":{"line":67,"column":4},"end":{"line":71,"column":5}},{"start":{"line":67,"column":4},"end":{"line":71,"column":5}}],"line":67},"2":{"loc":{"start":{"line":81,"column":4},"end":{"line":83,"column":5}},"type":"if","locations":[{"start":{"line":81,"column":4},"end":{"line":83,"column":5}},{"start":{"line":81,"column":4},"end":{"line":83,"column":5}}],"line":81}},"s":{"0":0,"1":0,"2":0,"3":0,"4":0,"5":0,"6":0,"7":0,"8":0,"9":0,"10":0,"11":0,"12":0,"13":0,"14":0,"15":0,"16":0,"17":0,"18":0,"19":0,"20":0,"21":0,"22":0,"23":0,"24":0,"25":0,"26":0,"27":0,"28":0,"29":0,"30":0,"31":0},"f":{"0":0,"1":0,"2":0,"3":0,"4":0,"5":0,"6":0,"7":0,"8":0},"b":{"0":[0,0],"1":[0,0],"2":[0,0]},"_coverageSchema":"1a1c01bbd47fc00a2c39e90264f33305004495a9","hash":"563f2caca9af9b8f2cf75d79b5b6bfa22bebf50b"}
,"/Users/anarkafkas/Projects/Firecode/firecode/packages/admin/src/utils/essential/index.ts": {"path":"/Users/anarkafkas/Projects/Firecode/firecode/packages/admin/src/utils/essential/index.ts","statementMap":{},"fnMap":{},"branchMap":{},"s":{},"f":{},"b":{},"_coverageSchema":"1a1c01bbd47fc00a2c39e90264f33305004495a9","hash":"decf66fb6c3dad3964b85f8bb88b5b4d9171f91d"}
,"/Users/anarkafkas/Projects/Firecode/firecode/packages/admin/src/utils/essential/isPositiveInteger.ts": {"path":"/Users/anarkafkas/Projects/Firecode/firecode/packages/admin/src/utils/essential/isPositiveInteger.ts","statementMap":{"0":{"start":{"line":2,"column":2},"end":{"line":2,"column":42}}},"fnMap":{"0":{"name":"isPositiveInteger","decl":{"start":{"line":1,"column":16},"end":{"line":1,"column":33}},"loc":{"start":{"line":1,"column":56},"end":{"line":3,"column":1}},"line":1}},"branchMap":{"0":{"loc":{"start":{"line":2,"column":9},"end":{"line":2,"column":41}},"type":"binary-expr","locations":[{"start":{"line":2,"column":9},"end":{"line":2,"column":30}},{"start":{"line":2,"column":34},"end":{"line":2,"column":41}}],"line":2}},"s":{"0":3},"f":{"0":3},"b":{"0":[3,3]},"_coverageSchema":"1a1c01bbd47fc00a2c39e90264f33305004495a9","hash":"96321790b67c5f1967f4ef448e276c837cd37058"}
,"/Users/anarkafkas/Projects/Firecode/firecode/packages/admin/src/utils/essential/registerInterval.ts": {"path":"/Users/anarkafkas/Projects/Firecode/firecode/packages/admin/src/utils/essential/registerInterval.ts","statementMap":{"0":{"start":{"line":4,"column":18},"end":{"line":4,"column":22}},"1":{"start":{"line":6,"column":2},"end":{"line":11,"column":7}},"2":{"start":{"line":7,"column":4},"end":{"line":10,"column":5}},"3":{"start":{"line":8,"column":6},"end":{"line":8,"column":23}},"4":{"start":{"line":9,"column":6},"end":{"line":9,"column":28}},"5":{"start":{"line":13,"column":2},"end":{"line":15,"column":4}},"6":{"start":{"line":14,"column":4},"end":{"line":14,"column":22}}},"fnMap":{"0":{"name":"registerInterval","decl":{"start":{"line":3,"column":16},"end":{"line":3,"column":32}},"loc":{"start":{"line":3,"column":94},"end":{"line":16,"column":1}},"line":3},"1":{"name":"(anonymous_1)","decl":{"start":{"line":6,"column":3},"end":{"line":6,"column":4}},"loc":{"start":{"line":6,"column":15},"end":{"line":11,"column":3}},"line":6},"2":{"name":"(anonymous_2)","decl":{"start":{"line":13,"column":9},"end":{"line":13,"column":10}},"loc":{"start":{"line":13,"column":15},"end":{"line":15,"column":3}},"line":13}},"branchMap":{},"s":{"0":0,"1":0,"2":0,"3":0,"4":0,"5":0,"6":0},"f":{"0":0,"1":0,"2":0},"b":{},"_coverageSchema":"1a1c01bbd47fc00a2c39e90264f33305004495a9","hash":"6869f3ebbea4b7b3dd497a779b49ce22682a879b"}
,"/Users/anarkafkas/Projects/Firecode/firecode/packages/admin/src/utils/essential/sleep.ts": {"path":"/Users/anarkafkas/Projects/Firecode/firecode/packages/admin/src/utils/essential/sleep.ts","statementMap":{"0":{"start":{"line":2,"column":2},"end":{"line":2,"column":53}},"1":{"start":{"line":2,"column":28},"end":{"line":2,"column":51}}},"fnMap":{"0":{"name":"sleep","decl":{"start":{"line":1,"column":16},"end":{"line":1,"column":21}},"loc":{"start":{"line":1,"column":55},"end":{"line":3,"column":1}},"line":1},"1":{"name":"(anonymous_1)","decl":{"start":{"line":2,"column":21},"end":{"line":2,"column":22}},"loc":{"start":{"line":2,"column":28},"end":{"line":2,"column":51}},"line":2}},"branchMap":{},"s":{"0":0,"1":0},"f":{"0":0,"1":0},"b":{},"_coverageSchema":"1a1c01bbd47fc00a2c39e90264f33305004495a9","hash":"bea9283a2c1e88e148770cfa10efb4096a230481"}
,"/Users/anarkafkas/Projects/Firecode/firecode/packages/admin/src/utils/project/ObservableQueue.ts": {"path":"/Users/anarkafkas/Projects/Firecode/firecode/packages/admin/src/utils/project/ObservableQueue.ts","statementMap":{"0":{"start":{"line":10,"column":38},"end":{"line":10,"column":68}},"1":{"start":{"line":11,"column":38},"end":{"line":11,"column":68}},"2":{"start":{"line":12,"column":27},"end":{"line":12,"column":28}},"3":{"start":{"line":15,"column":23},"end":{"line":15,"column":44}},"4":{"start":{"line":16,"column":4},"end":{"line":16,"column":46}},"5":{"start":{"line":17,"column":4},"end":{"line":19,"column":6}},"6":{"start":{"line":18,"column":6},"end":{"line":18,"column":47}},"7":{"start":{"line":23,"column":23},"end":{"line":23,"column":44}},"8":{"start":{"line":24,"column":4},"end":{"line":24,"column":46}},"9":{"start":{"line":25,"column":4},"end":{"line":27,"column":6}},"10":{"start":{"line":26,"column":6},"end":{"line":26,"column":47}},"11":{"start":{"line":31,"column":4},"end":{"line":31,"column":24}},"12":{"start":{"line":32,"column":4},"end":{"line":34,"column":7}},"13":{"start":{"line":33,"column":6},"end":{"line":33,"column":35}},"14":{"start":{"line":38,"column":17},"end":{"line":38,"column":32}},"15":{"start":{"line":39,"column":4},"end":{"line":41,"column":7}},"16":{"start":{"line":40,"column":6},"end":{"line":40,"column":35}},"17":{"start":{"line":42,"column":4},"end":{"line":42,"column":16}}},"fnMap":{"0":{"name":"(anonymous_0)","decl":{"start":{"line":14,"column":2},"end":{"line":14,"column":3}},"loc":{"start":{"line":14,"column":62},"end":{"line":20,"column":3}},"line":14},"1":{"name":"(anonymous_1)","decl":{"start":{"line":17,"column":11},"end":{"line":17,"column":12}},"loc":{"start":{"line":17,"column":23},"end":{"line":19,"column":5}},"line":17},"2":{"name":"(anonymous_2)","decl":{"start":{"line":22,"column":2},"end":{"line":22,"column":3}},"loc":{"start":{"line":22,"column":62},"end":{"line":28,"column":3}},"line":22},"3":{"name":"(anonymous_3)","decl":{"start":{"line":25,"column":11},"end":{"line":25,"column":12}},"loc":{"start":{"line":25,"column":23},"end":{"line":27,"column":5}},"line":25},"4":{"name":"(anonymous_4)","decl":{"start":{"line":30,"column":2},"end":{"line":30,"column":3}},"loc":{"start":{"line":30,"column":32},"end":{"line":35,"column":3}},"line":30},"5":{"name":"(anonymous_5)","decl":{"start":{"line":32,"column":34},"end":{"line":32,"column":35}},"loc":{"start":{"line":32,"column":48},"end":{"line":34,"column":5}},"line":32},"6":{"name":"(anonymous_6)","decl":{"start":{"line":37,"column":2},"end":{"line":37,"column":3}},"loc":{"start":{"line":37,"column":22},"end":{"line":43,"column":3}},"line":37},"7":{"name":"(anonymous_7)","decl":{"start":{"line":39,"column":34},"end":{"line":39,"column":35}},"loc":{"start":{"line":39,"column":48},"end":{"line":41,"column":5}},"line":39}},"branchMap":{},"s":{"0":0,"1":0,"2":0,"3":0,"4":0,"5":0,"6":0,"7":0,"8":0,"9":0,"10":0,"11":0,"12":0,"13":0,"14":0,"15":0,"16":0,"17":0},"f":{"0":0,"1":0,"2":0,"3":0,"4":0,"5":0,"6":0,"7":0},"b":{},"_coverageSchema":"1a1c01bbd47fc00a2c39e90264f33305004495a9","hash":"d122d5b383ff960c9f7e62bae6cfc775b6bf90a6"}
,"/Users/anarkafkas/Projects/Firecode/firecode/packages/admin/src/utils/project/PromiseQueue.ts": {"path":"/Users/anarkafkas/Projects/Firecode/firecode/packages/admin/src/utils/project/PromiseQueue.ts","statementMap":{"0":{"start":{"line":10,"column":4},"end":{"line":10,"column":32}},"1":{"start":{"line":11,"column":4},"end":{"line":11,"column":25}},"2":{"start":{"line":12,"column":4},"end":{"line":12,"column":27}},"3":{"start":{"line":13,"column":4},"end":{"line":13,"column":31}},"4":{"start":{"line":17,"column":4},"end":{"line":17,"column":25}},"5":{"start":{"line":21,"column":4},"end":{"line":21,"column":30}},"6":{"start":{"line":25,"column":22},"end":{"line":25,"column":47}},"7":{"start":{"line":26,"column":4},"end":{"line":26,"column":34}},"8":{"start":{"line":27,"column":4},"end":{"line":27,"column":37}},"9":{"start":{"line":31,"column":4},"end":{"line":31,"column":32}},"10":{"start":{"line":35,"column":4},"end":{"line":35,"column":30}},"11":{"start":{"line":36,"column":23},"end":{"line":36,"column":50}},"12":{"start":{"line":37,"column":4},"end":{"line":43,"column":6}},"13":{"start":{"line":39,"column":24},"end":{"line":39,"column":61}},"14":{"start":{"line":40,"column":8},"end":{"line":40,"column":22}},"15":{"start":{"line":41,"column":8},"end":{"line":41,"column":28}},"16":{"start":{"line":44,"column":4},"end":{"line":44,"column":31}}},"fnMap":{"0":{"name":"(anonymous_0)","decl":{"start":{"line":9,"column":2},"end":{"line":9,"column":3}},"loc":{"start":{"line":9,"column":23},"end":{"line":14,"column":3}},"line":9},"1":{"name":"(anonymous_1)","decl":{"start":{"line":16,"column":2},"end":{"line":16,"column":3}},"loc":{"start":{"line":16,"column":28},"end":{"line":18,"column":3}},"line":16},"2":{"name":"(anonymous_2)","decl":{"start":{"line":20,"column":2},"end":{"line":20,"column":3}},"loc":{"start":{"line":20,"column":33},"end":{"line":22,"column":3}},"line":20},"3":{"name":"(anonymous_3)","decl":{"start":{"line":24,"column":2},"end":{"line":24,"column":3}},"loc":{"start":{"line":24,"column":44},"end":{"line":28,"column":3}},"line":24},"4":{"name":"(anonymous_4)","decl":{"start":{"line":30,"column":2},"end":{"line":30,"column":3}},"loc":{"start":{"line":30,"column":39},"end":{"line":32,"column":3}},"line":30},"5":{"name":"(anonymous_5)","decl":{"start":{"line":34,"column":2},"end":{"line":34,"column":3}},"loc":{"start":{"line":34,"column":40},"end":{"line":45,"column":3}},"line":34},"6":{"name":"(anonymous_6)","decl":{"start":{"line":38,"column":21},"end":{"line":38,"column":22}},"loc":{"start":{"line":38,"column":35},"end":{"line":42,"column":7}},"line":38}},"branchMap":{"0":{"loc":{"start":{"line":39,"column":24},"end":{"line":39,"column":61}},"type":"binary-expr","locations":[{"start":{"line":39,"column":24},"end":{"line":39,"column":40}},{"start":{"line":39,"column":44},"end":{"line":39,"column":61}}],"line":39}},"s":{"0":0,"1":0,"2":0,"3":0,"4":0,"5":0,"6":0,"7":0,"8":0,"9":0,"10":0,"11":0,"12":0,"13":0,"14":0,"15":0,"16":0},"f":{"0":0,"1":0,"2":0,"3":0,"4":0,"5":0,"6":0},"b":{"0":[0,0]},"_coverageSchema":"1a1c01bbd47fc00a2c39e90264f33305004495a9","hash":"c6a5f76d81fb31987fed4f5de1130e1d6814e9d1"}
,"/Users/anarkafkas/Projects/Firecode/firecode/packages/admin/src/utils/project/index.ts": {"path":"/Users/anarkafkas/Projects/Firecode/firecode/packages/admin/src/utils/project/index.ts","statementMap":{},"fnMap":{},"branchMap":{},"s":{},"f":{},"b":{},"_coverageSchema":"1a1c01bbd47fc00a2c39e90264f33305004495a9","hash":"4303c16c0d2a1446c3e67e85eb67095590203b41"}
,"/Users/anarkafkas/Projects/Firecode/firecode/packages/admin/src/utils/project/isTraverser.ts": {"path":"/Users/anarkafkas/Projects/Firecode/firecode/packages/admin/src/utils/project/isTraverser.ts","statementMap":{"0":{"start":{"line":7,"column":12},"end":{"line":7,"column":40}},"1":{"start":{"line":8,"column":2},"end":{"line":14,"column":4}}},"fnMap":{"0":{"name":"isTraverser","decl":{"start":{"line":4,"column":16},"end":{"line":4,"column":27}},"loc":{"start":{"line":6,"column":32},"end":{"line":15,"column":1}},"line":6}},"branchMap":{"0":{"loc":{"start":{"line":9,"column":4},"end":{"line":13,"column":37}},"type":"binary-expr","locations":[{"start":{"line":9,"column":4},"end":{"line":9,"column":7}},{"start":{"line":10,"column":4},"end":{"line":10,"column":36}},{"start":{"line":11,"column":4},"end":{"line":11,"column":40}},{"start":{"line":12,"column":4},"end":{"line":12,"column":26}},{"start":{"line":13,"column":4},"end":{"line":13,"column":37}}],"line":9}},"s":{"0":0,"1":0},"f":{"0":0},"b":{"0":[0,0,0,0,0]},"_coverageSchema":"1a1c01bbd47fc00a2c39e90264f33305004495a9","hash":"e4f3f40a1d710d19e88a2c3a9c374886b5401ece"}
}
